<?xml version="1.0" encoding="UTF-8"?>
<!-- Generated by org.testng.reporters.JUnitXMLReporter -->
<testsuite ignored="0" hostname="THANHKHANH" failures="0" tests="2" name="WindowsAndFramesTest" time="44.02" errors="0" timestamp="2020-05-09T12:00:20 PDT">
  <testcase classname="com.thanhpham.test.WindowsAndFramesTest" name="newWindowTest" time="13.822"/>
  <testcase classname="com.thanhpham.test.WindowsAndFramesTest" name="wysiwygEditorTest" time="11.728"/>
</testsuite> <!-- WindowsAndFramesTest -->
