<?xml version="1.0" encoding="UTF-8"?>
<!-- Generated by org.testng.reporters.JUnitXMLReporter -->
<testsuite ignored="0" hostname="THANHKHANH" failures="0" tests="4" name="AlertsTest" time="84.474" errors="0" timestamp="2020-05-09T11:41:07 PDT">
  <testcase classname="com.thanhpham.test.AlertsTest" name="jSAlertButtonTest" time="11.462"/>
  <testcase classname="com.thanhpham.test.AlertsTest" name="jSAlertConfirmTest" time="11.306"/>
  <testcase classname="com.thanhpham.test.AlertsTest" name="jSAlertCancelTest" time="11.375"/>
  <testcase classname="com.thanhpham.test.AlertsTest" name="jSAlertPromptTest" time="11.896"/>
</testsuite> <!-- AlertsTest -->
