<?xml version="1.0" encoding="UTF-8"?>
<testng-results ignored="0" total="1" passed="1" failed="0" skipped="0">
  <reporter-output>
  </reporter-output>
  <suite started-at="2020-05-07T22:15:03 PDT" name="Default suite" finished-at="2020-05-07T22:15:10 PDT" duration-ms="6715">
    <groups>
    </groups>
    <test started-at="2020-05-07T22:15:03 PDT" name="Default test" finished-at="2020-05-07T22:15:10 PDT" duration-ms="6715">
      <class name="com.thanhpham.test.LogInTest">
        <test-method signature="logInTest()[pri:0, instance:com.thanhpham.test.LogInTest@2133814f]" started-at="2020-05-07T22:15:03 PDT" name="logInTest" finished-at="2020-05-07T22:15:10 PDT" duration-ms="6596" status="PASS">
          <reporter-output>
          </reporter-output>
        </test-method> <!-- logInTest -->
      </class> <!-- com.thanhpham.test.LogInTest -->
    </test> <!-- Default test -->
  </suite> <!-- Default suite -->
</testng-results>
