<?xml version="1.0" encoding="UTF-8"?>
<!-- Generated by org.testng.reporters.JUnitXMLReporter -->
<testsuite ignored="0" hostname="THANHKHANH" failures="0" tests="1" name="LogInTest-Firefox" time="0.28" errors="0" timestamp="2020-05-09T16:00:36 PDT">
  <testcase classname="com.thanhpham.base.BaseTest" name="@BeforeMethod setUp" time="0.245">
    <failure type="org.openqa.selenium.WebDriverException" message="Unable to parse remote response: Uh oh, you&amp;apos;ve run out of minutes!
Please visit https://saucelabs.com/pricing to purchase a subscription.">
      <![CDATA[org.openqa.selenium.WebDriverException: Unable to parse remote response: Uh oh, you've run out of minutes!
Please visit https://saucelabs.com/pricing to purchase a subscription.
at org.openqa.selenium.remote.ProtocolHandshake.createSession(ProtocolHandshake.java:115)
at org.openqa.selenium.remote.ProtocolHandshake.createSession(ProtocolHandshake.java:74)
at org.openqa.selenium.remote.HttpCommandExecutor.execute(HttpCommandExecutor.java:136)
at org.openqa.selenium.remote.RemoteWebDriver.execute(RemoteWebDriver.java:552)
at org.openqa.selenium.remote.RemoteWebDriver.startSession(RemoteWebDriver.java:213)
at org.openqa.selenium.remote.RemoteWebDriver.<init>(RemoteWebDriver.java:131)
at org.openqa.selenium.remote.RemoteWebDriver.<init>(RemoteWebDriver.java:144)
at com.thanhpham.base.BrowserDriverFactory.createDriverSauce(BrowserDriverFactory.java:113)
at com.thanhpham.base.BaseTest.setUp(BaseTest.java:31)
at java.base/java.util.ArrayList.forEach(ArrayList.java:1510)
Caused by: org.openqa.selenium.json.JsonException: Unable to determine type from: U. Last 1 characters read: U
Build info: version: '3.141.59', revision: 'e82be7d358', time: '2018-11-14T08:17:03'
System info: host: 'THANHKHANH', ip: '192.168.1.70', os.name: 'Windows 10', os.arch: 'amd64', os.version: '10.0', java.version: '14.0.1'
Driver info: driver.version: RemoteWebDriver
at org.openqa.selenium.json.JsonInput.peek(JsonInput.java:122)
at org.openqa.selenium.json.JsonTypeCoercer.lambda$null$6(JsonTypeCoercer.java:140)
at org.openqa.selenium.json.JsonTypeCoercer.coerce(JsonTypeCoercer.java:126)
at org.openqa.selenium.json.Json.toType(Json.java:69)
at org.openqa.selenium.json.Json.toType(Json.java:55)
at org.openqa.selenium.json.Json.toType(Json.java:50)
at org.openqa.selenium.remote.ProtocolHandshake.createSession(ProtocolHandshake.java:112)
... 40 more
... Removed 31 stack frames]]>
    </failure>
  </testcase> <!-- @BeforeMethod setUp -->
  <testcase classname="com.thanhpham.base.BaseTest" name="@AfterMethod tearDown" time="0.001">
    <failure type="java.lang.NullPointerException">
      <![CDATA[java.lang.NullPointerException
at com.thanhpham.base.BaseTest.tearDown(BaseTest.java:47)
at java.base/java.util.ArrayList.forEach(ArrayList.java:1510)
... Removed 32 stack frames]]>
    </failure>
  </testcase> <!-- @AfterMethod tearDown -->
  <testcase classname="com.thanhpham.test.LogInTest" name="logInTest" time="0.0">
    <skipped/>
  </testcase> <!-- logInTest -->
</testsuite> <!-- LogInTest-Firefox -->
